22-11-19 23:01:12.2517660 pid:65011 tid:41 sqltools Critical: 0 : Exception in IntelliCode extension for Microsoft SQL Language Server: System.NullReferenceException: Object reference not set to an instance of an object.
   at Microsoft.VisualStudio.IntelliCode.SQL.PythiaService.GetRecommendationsAsync(ConnectionInfo connInfo, ScriptDocumentInfo scriptDocumentInfo, CompletionItem[] completions, CancellationToken cancellationToken)
   at Microsoft.VisualStudio.IntelliCode.SQL.CompletionExtension.HandleCompletionAsync(ConnectionInfo connInfo, ScriptDocumentInfo scriptDocumentInfo, CompletionItem[] completions, CancellationToken token)
22-11-19 23:40:35.9365420 pid:65011 tid:94 sqltools Critical: 0 : Exception in IntelliCode extension for Microsoft SQL Language Server: System.OperationCanceledException: The operation was canceled.
   at System.Threading.CancellationToken.ThrowOperationCanceledException()
   at Microsoft.VisualStudio.IntelliCode.SQL.PythiaService.GetRecommendationsFromTokens(Stopwatch watch, IEnumerable`1 tokens, CompletionItem[] completions, CancellationToken cancellationToken)
   at Microsoft.VisualStudio.IntelliCode.SQL.PythiaService.GetRecommendationsAsync(ConnectionInfo connInfo, ScriptDocumentInfo scriptDocumentInfo, CompletionItem[] completions, CancellationToken cancellationToken)
   at Microsoft.VisualStudio.IntelliCode.SQL.CompletionExtension.HandleCompletionAsync(ConnectionInfo connInfo, ScriptDocumentInfo scriptDocumentInfo, CompletionItem[] completions, CancellationToken token)
22-11-19 23:40:44.9296180 pid:65011 tid:93 sqltools Critical: 0 : Exception in IntelliCode extension for Microsoft SQL Language Server: System.OperationCanceledException: The operation was canceled.
   at System.Threading.CancellationToken.ThrowOperationCanceledException()
   at Microsoft.VisualStudio.IntelliCode.SQL.PythiaService.GetRecommendationsFromTokens(Stopwatch watch, IEnumerable`1 tokens, CompletionItem[] completions, CancellationToken cancellationToken)
   at Microsoft.VisualStudio.IntelliCode.SQL.PythiaService.GetRecommendationsAsync(ConnectionInfo connInfo, ScriptDocumentInfo scriptDocumentInfo, CompletionItem[] completions, CancellationToken cancellationToken)
   at Microsoft.VisualStudio.IntelliCode.SQL.CompletionExtension.HandleCompletionAsync(ConnectionInfo connInfo, ScriptDocumentInfo scriptDocumentInfo, CompletionItem[] completions, CancellationToken token)
22-11-19 23:40:48.8867210 pid:65011 tid:98 sqltools Critical: 0 : Exception in IntelliCode extension for Microsoft SQL Language Server: System.OperationCanceledException: The operation was canceled.
   at System.Threading.CancellationToken.ThrowOperationCanceledException()
   at Microsoft.VisualStudio.IntelliCode.SQL.PythiaService.GetRecommendationsFromTokens(Stopwatch watch, IEnumerable`1 tokens, CompletionItem[] completions, CancellationToken cancellationToken)
   at Microsoft.VisualStudio.IntelliCode.SQL.PythiaService.GetRecommendationsAsync(ConnectionInfo connInfo, ScriptDocumentInfo scriptDocumentInfo, CompletionItem[] completions, CancellationToken cancellationToken)
   at Microsoft.VisualStudio.IntelliCode.SQL.CompletionExtension.HandleCompletionAsync(ConnectionInfo connInfo, ScriptDocumentInfo scriptDocumentInfo, CompletionItem[] completions, CancellationToken token)
22-11-19 23:40:53.2894630 pid:65011 tid:107 sqltools Critical: 0 : Exception in IntelliCode extension for Microsoft SQL Language Server: System.OperationCanceledException: The operation was canceled.
   at System.Threading.CancellationToken.ThrowOperationCanceledException()
   at Microsoft.VisualStudio.IntelliCode.SQL.PythiaService.GetRecommendationsFromTokens(Stopwatch watch, IEnumerable`1 tokens, CompletionItem[] completions, CancellationToken cancellationToken)
   at Microsoft.VisualStudio.IntelliCode.SQL.PythiaService.GetRecommendationsAsync(ConnectionInfo connInfo, ScriptDocumentInfo scriptDocumentInfo, CompletionItem[] completions, CancellationToken cancellationToken)
   at Microsoft.VisualStudio.IntelliCode.SQL.CompletionExtension.HandleCompletionAsync(ConnectionInfo connInfo, ScriptDocumentInfo scriptDocumentInfo, CompletionItem[] completions, CancellationToken token)
22-11-19 23:41:20.5558060 pid:65011 tid:95 sqltools Critical: 0 : Exception in IntelliCode extension for Microsoft SQL Language Server: System.OperationCanceledException: The operation was canceled.
   at System.Threading.CancellationToken.ThrowOperationCanceledException()
   at Microsoft.VisualStudio.IntelliCode.SQL.PythiaService.GetRecommendationsFromTokens(Stopwatch watch, IEnumerable`1 tokens, CompletionItem[] completions, CancellationToken cancellationToken)
   at Microsoft.VisualStudio.IntelliCode.SQL.PythiaService.GetRecommendationsAsync(ConnectionInfo connInfo, ScriptDocumentInfo scriptDocumentInfo, CompletionItem[] completions, CancellationToken cancellationToken)
   at Microsoft.VisualStudio.IntelliCode.SQL.CompletionExtension.HandleCompletionAsync(ConnectionInfo connInfo, ScriptDocumentInfo scriptDocumentInfo, CompletionItem[] completions, CancellationToken token)
22-11-19 23:42:36.5336570 pid:65011 tid:98 sqltools Critical: 0 : Exception in IntelliCode extension for Microsoft SQL Language Server: System.OperationCanceledException: The operation was canceled.
   at System.Threading.CancellationToken.ThrowOperationCanceledException()
   at Microsoft.VisualStudio.IntelliCode.SQL.PythiaService.GetRecommendationsFromTokens(Stopwatch watch, IEnumerable`1 tokens, CompletionItem[] completions, CancellationToken cancellationToken)
   at Microsoft.VisualStudio.IntelliCode.SQL.PythiaService.GetRecommendationsAsync(ConnectionInfo connInfo, ScriptDocumentInfo scriptDocumentInfo, CompletionItem[] completions, CancellationToken cancellationToken)
   at Microsoft.VisualStudio.IntelliCode.SQL.CompletionExtension.HandleCompletionAsync(ConnectionInfo connInfo, ScriptDocumentInfo scriptDocumentInfo, CompletionItem[] completions, CancellationToken token)
22-11-19 23:42:47.6595190 pid:65011 tid:104 sqltools Critical: 0 : Exception in IntelliCode extension for Microsoft SQL Language Server: System.OperationCanceledException: The operation was canceled.
   at System.Threading.CancellationToken.ThrowOperationCanceledException()
   at Microsoft.VisualStudio.IntelliCode.SQL.PythiaService.GetRecommendationsFromTokens(Stopwatch watch, IEnumerable`1 tokens, CompletionItem[] completions, CancellationToken cancellationToken)
   at Microsoft.VisualStudio.IntelliCode.SQL.PythiaService.GetRecommendationsAsync(ConnectionInfo connInfo, ScriptDocumentInfo scriptDocumentInfo, CompletionItem[] completions, CancellationToken cancellationToken)
   at Microsoft.VisualStudio.IntelliCode.SQL.CompletionExtension.HandleCompletionAsync(ConnectionInfo connInfo, ScriptDocumentInfo scriptDocumentInfo, CompletionItem[] completions, CancellationToken token)
22-11-19 23:49:33.1837570 pid:65011 tid:103 sqltools Critical: 0 : Exception in IntelliCode extension for Microsoft SQL Language Server: System.OperationCanceledException: The operation was canceled.
   at System.Threading.CancellationToken.ThrowOperationCanceledException()
   at Microsoft.VisualStudio.IntelliCode.SQL.PythiaService.GetRecommendationsFromTokens(Stopwatch watch, IEnumerable`1 tokens, CompletionItem[] completions, CancellationToken cancellationToken)
   at Microsoft.VisualStudio.IntelliCode.SQL.PythiaService.GetRecommendationsAsync(ConnectionInfo connInfo, ScriptDocumentInfo scriptDocumentInfo, CompletionItem[] completions, CancellationToken cancellationToken)
   at Microsoft.VisualStudio.IntelliCode.SQL.CompletionExtension.HandleCompletionAsync(ConnectionInfo connInfo, ScriptDocumentInfo scriptDocumentInfo, CompletionItem[] completions, CancellationToken token)
22-11-19 23:50:01.7025710 pid:65011 tid:103 sqltools Critical: 0 : Exception in IntelliCode extension for Microsoft SQL Language Server: System.OperationCanceledException: The operation was canceled.
   at System.Threading.CancellationToken.ThrowOperationCanceledException()
   at Microsoft.VisualStudio.IntelliCode.SQL.PythiaService.GetRecommendationsFromTokens(Stopwatch watch, IEnumerable`1 tokens, CompletionItem[] completions, CancellationToken cancellationToken)
   at Microsoft.VisualStudio.IntelliCode.SQL.PythiaService.GetRecommendationsAsync(ConnectionInfo connInfo, ScriptDocumentInfo scriptDocumentInfo, CompletionItem[] completions, CancellationToken cancellationToken)
   at Microsoft.VisualStudio.IntelliCode.SQL.CompletionExtension.HandleCompletionAsync(ConnectionInfo connInfo, ScriptDocumentInfo scriptDocumentInfo, CompletionItem[] completions, CancellationToken token)
22-11-19 23:52:34.9591370 pid:65011 tid:103 sqltools Critical: 0 : Exception in IntelliCode extension for Microsoft SQL Language Server: System.OperationCanceledException: The operation was canceled.
   at System.Threading.CancellationToken.ThrowOperationCanceledException()
   at Microsoft.VisualStudio.IntelliCode.SQL.PythiaService.GetRecommendationsFromTokens(Stopwatch watch, IEnumerable`1 tokens, CompletionItem[] completions, CancellationToken cancellationToken)
   at Microsoft.VisualStudio.IntelliCode.SQL.PythiaService.GetRecommendationsAsync(ConnectionInfo connInfo, ScriptDocumentInfo scriptDocumentInfo, CompletionItem[] completions, CancellationToken cancellationToken)
   at Microsoft.VisualStudio.IntelliCode.SQL.CompletionExtension.HandleCompletionAsync(ConnectionInfo connInfo, ScriptDocumentInfo scriptDocumentInfo, CompletionItem[] completions, CancellationToken token)
22-11-19 23:59:30.5774590 pid:65011 tid:96 sqltools Critical: 0 : Exception in IntelliCode extension for Microsoft SQL Language Server: System.OperationCanceledException: The operation was canceled.
   at System.Threading.CancellationToken.ThrowOperationCanceledException()
   at Microsoft.VisualStudio.IntelliCode.SQL.PythiaService.GetRecommendationsFromTokens(Stopwatch watch, IEnumerable`1 tokens, CompletionItem[] completions, CancellationToken cancellationToken)
   at Microsoft.VisualStudio.IntelliCode.SQL.PythiaService.GetRecommendationsAsync(ConnectionInfo connInfo, ScriptDocumentInfo scriptDocumentInfo, CompletionItem[] completions, CancellationToken cancellationToken)
   at Microsoft.VisualStudio.IntelliCode.SQL.CompletionExtension.HandleCompletionAsync(ConnectionInfo connInfo, ScriptDocumentInfo scriptDocumentInfo, CompletionItem[] completions, CancellationToken token)
22-11-19 23:59:35.1241190 pid:65011 tid:89 sqltools Critical: 0 : Exception in IntelliCode extension for Microsoft SQL Language Server: System.OperationCanceledException: The operation was canceled.
   at System.Threading.CancellationToken.ThrowOperationCanceledException()
   at Microsoft.VisualStudio.IntelliCode.SQL.PythiaService.GetRecommendationsFromTokens(Stopwatch watch, IEnumerable`1 tokens, CompletionItem[] completions, CancellationToken cancellationToken)
   at Microsoft.VisualStudio.IntelliCode.SQL.PythiaService.GetRecommendationsAsync(ConnectionInfo connInfo, ScriptDocumentInfo scriptDocumentInfo, CompletionItem[] completions, CancellationToken cancellationToken)
   at Microsoft.VisualStudio.IntelliCode.SQL.CompletionExtension.HandleCompletionAsync(ConnectionInfo connInfo, ScriptDocumentInfo scriptDocumentInfo, CompletionItem[] completions, CancellationToken token)
22-11-19 23:59:39.4028730 pid:65011 tid:89 sqltools Critical: 0 : Exception in IntelliCode extension for Microsoft SQL Language Server: System.OperationCanceledException: The operation was canceled.
   at System.Threading.CancellationToken.ThrowOperationCanceledException()
   at Microsoft.VisualStudio.IntelliCode.SQL.PythiaService.GetRecommendationsFromTokens(Stopwatch watch, IEnumerable`1 tokens, CompletionItem[] completions, CancellationToken cancellationToken)
   at Microsoft.VisualStudio.IntelliCode.SQL.PythiaService.GetRecommendationsAsync(ConnectionInfo connInfo, ScriptDocumentInfo scriptDocumentInfo, CompletionItem[] completions, CancellationToken cancellationToken)
   at Microsoft.VisualStudio.IntelliCode.SQL.CompletionExtension.HandleCompletionAsync(ConnectionInfo connInfo, ScriptDocumentInfo scriptDocumentInfo, CompletionItem[] completions, CancellationToken token)
22-11-20 0:07:21.0487450 pid:65011 tid:47 sqltools Critical: 0 : Exception in IntelliCode extensio